<?xml version="1.0" encoding="utf-8"?>
<testsuite errors="0" failures="2" name="pytest" skips="0" tests="2" time="4.213">
    <testcase classname="check_sphinx" name="test_linkcheck" time="1.7457220554351807"><failure message="subprocess.CalledProcessError: Command &apos;[&apos;sphinx-build&apos;, &apos;-W&apos;, &apos;-blinkcheck&apos;, &apos;-d&apos;, &apos;C:\\Users\\MUHAMM~1\\AppData\\Local\\Temp\\pytest-0\\test_linkcheck0\\doctrees&apos;, &apos;.&apos;, &apos;C:\\Users\\MUHAMM~1\\AppData\\Local\\Temp\\pytest-0\\test_linkcheck0\\html&apos;]&apos; returned non-zero exit status 1">E   subprocess.CalledProcessError: Command &apos;[&apos;sphinx-build&apos;, &apos;-W&apos;, &apos;-blinkcheck&apos;, &apos;-d&apos;, &apos;C:\\Users\\MUHAMM~1\\AppData\\Local\\Temp\\pytest-0\\test_linkcheck0\\doctrees&apos;, &apos;.&apos;, &apos;C:\\Users\\MUHAMM~1\\AppData\\Local\\Temp\\pytest-0\\test_linkcheck0\\html&apos;]&apos; returned non-zero exit status 1</failure></testcase><testcase classname="check_sphinx" name="test_build_docs" time="1.2406580448150635"><failure message="subprocess.CalledProcessError: Command &apos;[&apos;sphinx-build&apos;, &apos;-W&apos;, &apos;-bhtml&apos;, &apos;-d&apos;, &apos;C:\\Users\\MUHAMM~1\\AppData\\Local\\Temp\\pytest-0\\test_build_docs0\\doctrees&apos;, &apos;.&apos;, &apos;C:\\Users\\MUHAMM~1\\AppData\\Local\\Temp\\pytest-0\\test_build_docs0\\html&apos;]&apos; returned non-zero exit status 1">E   subprocess.CalledProcessError: Command &apos;[&apos;sphinx-build&apos;, &apos;-W&apos;, &apos;-bhtml&apos;, &apos;-d&apos;, &apos;C:\\Users\\MUHAMM~1\\AppData\\Local\\Temp\\pytest-0\\test_build_docs0\\doctrees&apos;, &apos;.&apos;, &apos;C:\\Users\\MUHAMM~1\\AppData\\Local\\Temp\\pytest-0\\test_build_docs0\\html&apos;]&apos; returned non-zero exit status 1</failure></testcase></testsuite>